## ComfyUI-Manager: installing dependencies done.
[2024-07-22 16:00] ** ComfyUI startup time: 2024-07-22 16:00:39.768091
[2024-07-22 16:00] ** Platform: Darwin
[2024-07-22 16:00] ** Python version: 3.10.13 (main, Aug 24 2023, 22:36:46) [Clang 14.0.3 (clang-1403.0.22.14.1)]
[2024-07-22 16:00] ** Python executable: /Users/isaac/Desktop/Isaacs_ComfyUI_Distro/.venv/bin/python
[2024-07-22 16:00] ** ComfyUI Path: /Users/isaac/Desktop/Isaacs_ComfyUI_Distro
[2024-07-22 16:00] ** Log path: /Users/isaac/Desktop/Isaacs_ComfyUI_Distro/custom_nodes/arbitrary/comfyui.log
[2024-07-22 16:00] 
Prestartup times for custom nodes:
[2024-07-22 16:00]    0.0 seconds: /Users/isaac/Desktop/Isaacs_ComfyUI_Distro/custom_nodes/rgthree-comfy
[2024-07-22 16:00]    0.4 seconds: /Users/isaac/Desktop/Isaacs_ComfyUI_Distro/custom_nodes/ComfyUI-Manager
[2024-07-22 16:00] 
[2024-07-22 16:00] ### Loading: ComfyUI-Manager (V2.46.3)
[2024-07-22 16:00] ### ComfyUI Revision: 2291 on 'main' [9a317064] | Released on '2024-07-19'
[2024-07-22 16:00] 
[2024-07-22 16:00] [92m[rgthree] Loaded 40 exciting nodes.[0m
[2024-07-22 16:00] [92m[rgthree] Will use rgthree's optimized recursive execution.[0m
[2024-07-22 16:00] 
[2024-07-22 16:00] [ComfyUI-Manager] default cache updated: https://raw.githubusercontent.com/ltdrdata/ComfyUI-Manager/main/model-list.json
[2024-07-22 16:00] [ComfyUI-Manager] default cache updated: https://raw.githubusercontent.com/ltdrdata/ComfyUI-Manager/main/alter-list.json
[2024-07-22 16:00] [ComfyUI-Manager] default cache updated: https://raw.githubusercontent.com/ltdrdata/ComfyUI-Manager/main/github-stats.json
[2024-07-22 16:00] [ComfyUI-Manager] default cache updated: https://raw.githubusercontent.com/ltdrdata/ComfyUI-Manager/main/extension-node-map.json
[2024-07-22 16:00] [ComfyUI-Manager] default cache updated: https://raw.githubusercontent.com/ltdrdata/ComfyUI-Manager/main/custom-node-list.json
[2024-07-22 16:00] FETCH DATA from: /Users/isaac/Desktop/Isaacs_ComfyUI_Distro/custom_nodes/ComfyUI-Manager/extension-node-map.json [DONE]
